[0911/140121:ERROR:process_reader_win.cc(233)] ReadMemory at 0x72803b0c of 35 bytes failed: Only part of a ReadProcessMemory or WriteProcessMemory request was completed. (0x12B)
[0911/140123:WARNING:pe_image_reader.cc(155)] could not read debug directory from C:\WINDOWS\SYSTEM32\ninput.dll
[0911/140123:ERROR:process_reader_win.cc(233)] ReadMemory at 0x77870000 of 64 bytes failed: Only part of a ReadProcessMemory or WriteProcessMemory request was completed. (0x12B)
[0911/140123:WARNING:pe_image_reader.cc(281)] could not read dos header from C:\WINDOWS\System32\PSAPI.DLL
[0911/140123:ERROR:process_reader_win.cc(233)] ReadMemory at 0x60ef0000 of 64 bytes failed: Only part of a ReadProcessMemory or WriteProcessMemory request was completed. (0x12B)
[0911/140124:WARNING:pe_image_reader.cc(281)] could not read dos header from C:\WINDOWS\WinSxS\x86_microsoft.windows.common-controls_6595b64144ccf1df_6.0.14393.0_none_74bc87d3d22d9abe\COMCTL32.dll
[0911/140124:ERROR:process_reader_win.cc(233)] ReadMemory at 0x776e0000 of 64 bytes failed: Only part of a ReadProcessMemory or WriteProcessMemory request was completed. (0x12B)
[0911/140124:WARNING:pe_image_reader.cc(281)] could not read dos header from C:\WINDOWS\System32\COMDLG32.dll
[0911/140124:ERROR:process_reader_win.cc(233)] ReadMemory at 0x73a10000 of 64 bytes failed: Only part of a ReadProcessMemory or WriteProcessMemory request was completed. (0x12B)
[0911/140124:WARNING:pe_image_reader.cc(281)] could not read dos header from C:\WINDOWS\SYSTEM32\IPHLPAPI.DLL
[0911/140124:ERROR:process_reader_win.cc(233)] ReadMemory at 0x779e0000 of 64 bytes failed: Only part of a ReadProcessMemory or WriteProcessMemory request was completed. (0x12B)
[0911/140124:WARNING:pe_image_reader.cc(281)] could not read dos header from C:\WINDOWS\System32\WS2_32.dll
[0911/140124:ERROR:process_reader_win.cc(233)] ReadMemory at 0x60e10000 of 64 bytes failed: Only part of a ReadProcessMemory or WriteProcessMemory request was completed. (0x12B)
[0911/140124:WARNING:pe_image_reader.cc(281)] could not read dos header from C:\WINDOWS\SYSTEM32\USP10.dll
[0911/140124:ERROR:process_reader_win.cc(233)] ReadMemory at 0x76e00000 of 64 bytes failed: Only part of a ReadProcessMemory or WriteProcessMemory request was completed. (0x12B)
[0911/140124:WARNING:pe_image_reader.cc(281)] could not read dos header from C:\WINDOWS\System32\MSASN1.dll
[0911/140124:ERROR:process_reader_win.cc(233)] ReadMemory at 0x77ab0000 of 64 bytes failed: Only part of a ReadProcessMemory or WriteProcessMemory request was completed. (0x12B)
[0911/140124:WARNING:pe_image_reader.cc(281)] could not read dos header from C:\WINDOWS\System32\CRYPT32.dll
[0911/140124:ERROR:process_reader_win.cc(233)] ReadMemory at 0x75d10000 of 64 bytes failed: Only part of a ReadProcessMemory or WriteProcessMemory request was completed. (0x12B)
[0911/140124:WARNING:pe_image_reader.cc(281)] could not read dos header from C:\WINDOWS\System32\WINTRUST.dll
[0911/140124:ERROR:process_reader_win.cc(233)] ReadMemory at 0x63af0000 of 64 bytes failed: Only part of a ReadProcessMemory or WriteProcessMemory request was completed. (0x12B)
[0911/140124:WARNING:pe_image_reader.cc(281)] could not read dos header from C:\WINDOWS\SYSTEM32\Secur32.dll
[0911/140124:ERROR:process_reader_win.cc(233)] ReadMemory at 0x583b0000 of 64 bytes failed: Only part of a ReadProcessMemory or WriteProcessMemory request was completed. (0x12B)
[0911/140124:WARNING:pe_image_reader.cc(281)] could not read dos header from C:\Program Files (x86)\Google\Chrome\Application\52.0.2743.116\chrome_child.dll
[0911/140124:ERROR:process_reader_win.cc(233)] ReadMemory at 0x6b7c0000 of 64 bytes failed: Only part of a ReadProcessMemory or WriteProcessMemory request was completed. (0x12B)
[0911/140124:WARNING:pe_image_reader.cc(281)] could not read dos header from C:\WINDOWS\SYSTEM32\dwrite.dll
[0911/140124:ERROR:process_reader_win.cc(233)] ReadMemory at 0x77edec20 of 5888 bytes failed: Only part of a ReadProcessMemory or WriteProcessMemory request was completed. (0x12B)
[0911/140124:ERROR:process_reader_win.cc(233)] ReadMemory at 0x8a0000 of 64 bytes failed: Only part of a ReadProcessMemory or WriteProcessMemory request was completed. (0x12B)
[0911/140124:WARNING:pe_image_reader.cc(281)] could not read dos header from C:\Program Files (x86)\Google\Chrome\Application\chrome.exe
[0911/140124:ERROR:process_reader_win.cc(233)] ReadMemory at 0x77dd0000 of 64 bytes failed: Only part of a ReadProcessMemory or WriteProcessMemory request was completed. (0x12B)
[0911/140124:WARNING:pe_image_reader.cc(281)] could not read dos header from C:\WINDOWS\SYSTEM32\ntdll.dll
[0911/140124:ERROR:process_reader_win.cc(233)] ReadMemory at 0x76970000 of 64 bytes failed: Only part of a ReadProcessMemory or WriteProcessMemory request was completed. (0x12B)
[0911/140124:WARNING:pe_image_reader.cc(281)] could not read dos header from C:\WINDOWS\System32\KERNELBASE.dll
[0911/140124:ERROR:process_reader_win.cc(233)] ReadMemory at 0x76470000 of 64 bytes failed: Only part of a ReadProcessMemory or WriteProcessMemory request was completed. (0x12B)
[0911/140124:WARNING:pe_image_reader.cc(281)] could not read dos header from C:\WINDOWS\System32\KERNEL32.DLL
[0911/140124:ERROR:process_reader_win.cc(233)] ReadMemory at 0x72b50000 of 64 bytes failed: Only part of a ReadProcessMemory or WriteProcessMemory request was completed. (0x12B)
[0911/140124:WARNING:pe_image_reader.cc(281)] could not read dos header from C:\WINDOWS\system32\apphelp.dll
[0911/140124:ERROR:process_reader_win.cc(233)] ReadMemory at 0x728e0000 of 64 bytes failed: Only part of a ReadProcessMemory or WriteProcessMemory request was completed. (0x12B)
[0911/140124:WARNING:pe_image_reader.cc(281)] could not read dos header from C:\WINDOWS\AppPatch\AcGenral.dll
[0911/140124:ERROR:process_reader_win.cc(233)] ReadMemory at 0x77d10000 of 64 bytes failed: Only part of a ReadProcessMemory or WriteProcessMemory request was completed. (0x12B)
[0911/140124:WARNING:pe_image_reader.cc(281)] could not read dos header from C:\WINDOWS\System32\msvcrt.dll
[0911/140124:ERROR:process_reader_win.cc(233)] ReadMemory at 0x76f30000 of 64 bytes failed: Only part of a ReadProcessMemory or WriteProcessMemory request was completed. (0x12B)
[0911/140124:WARNING:pe_image_reader.cc(281)] could not read dos header from C:\WINDOWS\System32\bcryptPrimitives.dll
[0911/140124:ERROR:process_reader_win.cc(233)] ReadMemory at 0x74900000 of 64 bytes failed: Only part of a ReadProcessMemory or WriteProcessMemory request was completed. (0x12B)
[0911/140124:WARNING:pe_image_reader.cc(281)] could not read dos header from C:\WINDOWS\System32\CRYPTBASE.dll
[0911/140124:ERROR:process_reader_win.cc(233)] ReadMemory at 0x74910000 of 64 bytes failed: Only part of a ReadProcessMemory or WriteProcessMemory request was completed. (0x12B)
[0911/140124:WARNING:pe_image_reader.cc(281)] could not read dos header from C:\WINDOWS\System32\SspiCli.dll
[0911/140124:ERROR:process_reader_win.cc(233)] ReadMemory at 0x76e10000 of 64 bytes failed: Only part of a ReadProcessMemory or WriteProcessMemory request was completed. (0x12B)
[0911/140124:WARNING:pe_image_reader.cc(281)] could not read dos header from C:\WINDOWS\System32\RPCRT4.dll
[0911/140124:ERROR:process_reader_win.cc(233)] ReadMemory at 0x76ee0000 of 64 bytes failed: Only part of a ReadProcessMemory or WriteProcessMemory request was completed. (0x12B)
[0911/140124:WARNING:pe_image_reader.cc(281)] could not read dos header from C:\WINDOWS\System32\sechost.dll
[0911/140124:ERROR:process_reader_win.cc(233)] ReadMemory at 0x77150000 of 64 bytes failed: Only part of a ReadProcessMemory or WriteProcessMemory request was completed. (0x12B)
[0911/140124:WARNING:pe_image_reader.cc(281)] could not read dos header from C:\WINDOWS\System32\ucrtbase.dll
[0911/140124:ERROR:process_reader_win.cc(233)] ReadMemory at 0x76550000 of 64 bytes failed: Only part of a ReadProcessMemory or WriteProcessMemory request was completed. (0x12B)
[0911/140124:WARNING:pe_image_reader.cc(281)] could not read dos header from C:\WINDOWS\System32\combase.dll
[0911/140124:ERROR:process_reader_win.cc(233)] ReadMemory at 0x75ee0000 of 64 bytes failed: Only part of a ReadProcessMemory or WriteProcessMemory request was completed. (0x12B)
[0911/140124:WARNING:pe_image_reader.cc(281)] could not read dos header from C:\WINDOWS\System32\win32u.dll
[0911/140124:ERROR:process_reader_win.cc(233)] ReadMemory at 0x76f90000 of 64 bytes failed: Only part of a ReadProcessMemory or WriteProcessMemory request was completed. (0x12B)
[0911/140124:WARNING:pe_image_reader.cc(281)] could not read dos header from C:\WINDOWS\System32\USER32.dll
[0911/140124:ERROR:process_reader_win.cc(233)] ReadMemory at 0x77880000 of 64 bytes failed: Only part of a ReadProcessMemory or WriteProcessMemory request was completed. (0x12B)
[0911/140124:WARNING:pe_image_reader.cc(281)] could not read dos header from C:\WINDOWS\System32\gdi32full.dll
[0911/140124:ERROR:process_reader_win.cc(233)] ReadMemory at 0x77230000 of 64 bytes failed: Only part of a ReadProcessMemory or WriteProcessMemory request was completed. (0x12B)
[0911/140124:WARNING:pe_image_reader.cc(281)] could not read dos header from C:\WINDOWS\System32\GDI32.dll
[0911/140124:ERROR:process_reader_win.cc(233)] ReadMemory at 0x75eb0000 of 64 bytes failed: Only part of a ReadProcessMemory or WriteProcessMemory request was completed. (0x12B)
[0911/140124:WARNING:pe_image_reader.cc(281)] could not read dos header from C:\WINDOWS\System32\IMM32.DLL
[0911/140124:ERROR:process_reader_win.cc(233)] ReadMemory at 0x76bc0000 of 64 bytes failed: Only part of a ReadProcessMemory or WriteProcessMemory request was completed. (0x12B)
[0911/140124:WARNING:pe_image_reader.cc(281)] could not read dos header from C:\WINDOWS\System32\SHLWAPI.dll
[0911/140124:ERROR:process_reader_win.cc(233)] ReadMemory at 0x73760000 of 64 bytes failed: Only part of a ReadProcessMemory or WriteProcessMemory request was completed. (0x12B)
[0911/140124:WARNING:pe_image_reader.cc(281)] could not read dos header from C:\WINDOWS\SYSTEM32\UxTheme.dll
[0911/140124:ERROR:process_reader_win.cc(233)] ReadMemory at 0x77a70000 of 64 bytes failed: Only part of a ReadProcessMemory or WriteProcessMemory request was completed. (0x12B)
[0911/140124:WARNING:pe_image_reader.cc(281)] could not read dos header from C:\WINDOWS\System32\cfgmgr32.dll
[0911/140124:ERROR:process_reader_win.cc(233)] ReadMemory at 0x60e30000 of 64 bytes failed: Only part of a ReadProcessMemory or WriteProcessMemory request was completed. (0x12B)
[0911/140124:WARNING:pe_image_reader.cc(281)] could not read dos header from C:\WINDOWS\SYSTEM32\WINMMBASE.dll
[0911/140124:ERROR:process_reader_win.cc(233)] ReadMemory at 0x60ec0000 of 64 bytes failed: Only part of a ReadProcessMemory or WriteProcessMemory request was completed. (0x12B)
[0911/140124:WARNING:pe_image_reader.cc(281)] could not read dos header from C:\WINDOWS\SYSTEM32\WINMM.dll
[0911/140124:ERROR:process_reader_win.cc(233)] ReadMemory at 0x728c0000 of 64 bytes failed: Only part of a ReadProcessMemory or WriteProcessMemory request was completed. (0x12B)
[0911/140124:WARNING:pe_image_reader.cc(281)] could not read dos header from C:\WINDOWS\SYSTEM32\samcli.dll
[0911/140124:ERROR:process_reader_win.cc(233)] ReadMemory at 0x75d60000 of 64 bytes failed: Only part of a ReadProcessMemory or WriteProcessMemory request was completed. (0x12B)
[0911/140124:WARNING:pe_image_reader.cc(281)] could not read dos header from C:\WINDOWS\System32\ole32.dll
[0911/140124:ERROR:process_reader_win.cc(233)] ReadMemory at 0x777d0000 of 64 bytes failed: Only part of a ReadProcessMemory or WriteProcessMemory request was completed. (0x12B)
[0911/140124:WARNING:pe_image_reader.cc(281)] could not read dos header from C:\WINDOWS\System32\OLEAUT32.dll
[0911/140124:ERROR:process_reader_win.cc(233)] ReadMemory at 0x76d80000 of 64 bytes failed: Only part of a ReadProcessMemory or WriteProcessMemory request was completed. (0x12B)
[0911/140124:WARNING:pe_image_reader.cc(281)] could not read dos header from C:\WINDOWS\System32\advapi32.dll
[0911/140124:ERROR:process_reader_win.cc(233)] ReadMemory at 0x728a0000 of 64 bytes failed: Only part of a ReadProcessMemory or WriteProcessMemory request was completed. (0x12B)
[0911/140124:WARNING:pe_image_reader.cc(281)] could not read dos header from C:\WINDOWS\SYSTEM32\MSACM32.dll
[0911/140124:ERROR:process_reader_win.cc(233)] ReadMemory at 0x73600000 of 64 bytes failed: Only part of a ReadProcessMemory or WriteProcessMemory request was completed. (0x12B)
[0911/140124:WARNING:pe_image_reader.cc(281)] could not read dos header from C:\WINDOWS\SYSTEM32\VERSION.dll
[0911/140124:ERROR:process_reader_win.cc(233)] ReadMemory at 0x77cc0000 of 64 bytes failed: Only part of a ReadProcessMemory or WriteProcessMemory request was completed. (0x12B)
[0911/140124:WARNING:pe_image_reader.cc(281)] could not read dos header from C:\WINDOWS\System32\powrprof.dll
[0911/140124:ERROR:process_reader_win.cc(233)] ReadMemory at 0x76d50000 of 64 bytes failed: Only part of a ReadProcessMemory or WriteProcessMemory request was completed. (0x12B)
[0911/140124:WARNING:pe_image_reader.cc(281)] could not read dos header from C:\WINDOWS\System32\kernel.appcore.dll
[0911/140124:ERROR:process_reader_win.cc(233)] ReadMemory at 0x76770000 of 64 bytes failed: Only part of a ReadProcessMemory or WriteProcessMemory request was completed. (0x12B)
[0911/140124:WARNING:pe_image_reader.cc(281)] could not read dos header from C:\WINDOWS\System32\shcore.dll
[0911/140124:ERROR:process_reader_win.cc(233)] ReadMemory at 0x77a60000 of 64 bytes failed: Only part of a ReadProcessMemory or WriteProcessMemory request was completed. (0x12B)
[0911/140124:WARNING:pe_image_reader.cc(281)] could not read dos header from C:\WINDOWS\System32\profapi.dll
[0911/140124:ERROR:process_reader_win.cc(233)] ReadMemory at 0x75f00000 of 64 bytes failed: Only part of a ReadProcessMemory or WriteProcessMemory request was completed. (0x12B)
[0911/140124:WARNING:pe_image_reader.cc(281)] could not read dos header from C:\WINDOWS\System32\windows.storage.dll
[0911/140124:ERROR:process_reader_win.cc(233)] ReadMemory at 0x74930000 of 64 bytes failed: Only part of a ReadProcessMemory or WriteProcessMemory request was completed. (0x12B)
[0911/140124:WARNING:pe_image_reader.cc(281)] could not read dos header from C:\WINDOWS\System32\SHELL32.dll
[0911/140124:ERROR:process_reader_win.cc(233)] ReadMemory at 0x73610000 of 64 bytes failed: Only part of a ReadProcessMemory or WriteProcessMemory request was completed. (0x12B)
[0911/140124:WARNING:pe_image_reader.cc(281)] could not read dos header from C:\WINDOWS\SYSTEM32\USERENV.dll
[0911/140124:ERROR:process_reader_win.cc(233)] ReadMemory at 0x73700000 of 64 bytes failed: Only part of a ReadProcessMemory or WriteProcessMemory request was completed. (0x12B)
[0911/140124:WARNING:pe_image_reader.cc(281)] could not read dos header from C:\WINDOWS\SYSTEM32\dwmapi.dll
[0911/140124:ERROR:process_reader_win.cc(233)] ReadMemory at 0x73a40000 of 64 bytes failed: Only part of a ReadProcessMemory or WriteProcessMemory request was completed. (0x12B)
[0911/140124:WARNING:pe_image_reader.cc(281)] could not read dos header from C:\WINDOWS\SYSTEM32\iertutil.dll
[0911/140124:ERROR:process_reader_win.cc(233)] ReadMemory at 0x73c70000 of 64 bytes failed: Only part of a ReadProcessMemory or WriteProcessMemory request was completed. (0x12B)
[0911/140124:WARNING:pe_image_reader.cc(281)] could not read dos header from C:\WINDOWS\SYSTEM32\urlmon.dll
[0911/140124:ERROR:process_reader_win.cc(233)] ReadMemory at 0x74030000 of 64 bytes failed: Only part of a ReadProcessMemory or WriteProcessMemory request was completed. (0x12B)
[0911/140124:WARNING:pe_image_reader.cc(281)] could not read dos header from C:\WINDOWS\SYSTEM32\bcrypt.dll
[0911/140124:ERROR:process_reader_win.cc(233)] ReadMemory at 0x61100000 of 64 bytes failed: Only part of a ReadProcessMemory or WriteProcessMemory request was completed. (0x12B)
[0911/140124:WARNING:pe_image_reader.cc(281)] could not read dos header from C:\WINDOWS\SYSTEM32\WINSPOOL.DRV
[0911/140124:ERROR:process_reader_win.cc(233)] ReadMemory at 0x72880000 of 64 bytes failed: Only part of a ReadProcessMemory or WriteProcessMemory request was completed. (0x12B)
[0911/140124:WARNING:pe_image_reader.cc(281)] could not read dos header from C:\WINDOWS\SYSTEM32\MPR.dll
[0911/140124:ERROR:process_reader_win.cc(233)] ReadMemory at 0x72850000 of 64 bytes failed: Only part of a ReadProcessMemory or WriteProcessMemory request was completed. (0x12B)
[0911/140124:WARNING:pe_image_reader.cc(281)] could not read dos header from C:\Program Files (x86)\Google\Chrome\Application\52.0.2743.116\chrome_elf.dll
[0911/140124:ERROR:process_reader_win.cc(233)] ReadMemory at 0x64b50000 of 64 bytes failed: Only part of a ReadProcessMemory or WriteProcessMemory request was completed. (0x12B)
[0911/140124:WARNING:pe_image_reader.cc(281)] could not read dos header from C:\WINDOWS\SYSTEM32\WTSAPI32.dll
[0911/140124:ERROR:process_reader_win.cc(233)] ReadMemory at 0x67b00000 of 64 bytes failed: Only part of a ReadProcessMemory or WriteProcessMemory request was completed. (0x12B)
[0911/140124:WARNING:pe_image_reader.cc(281)] could not read dos header from C:\WINDOWS\SYSTEM32\WINHTTP.dll
[0911/140124:ERROR:process_reader_win.cc(233)] ReadMemory at 0x72800000 of 64 bytes failed: Only part of a ReadProcessMemory or WriteProcessMemory request was completed. (0x12B)
[0911/140124:WARNING:pe_image_reader.cc(281)] could not read dos header from C:\WINDOWS\SYSTEM32\ninput.dll
[0911/140124:ERROR:process_reader_win.cc(233)] ReadMemory at 0x77870000 of 64 bytes failed: Only part of a ReadProcessMemory or WriteProcessMemory request was completed. (0x12B)
[0911/140124:WARNING:pe_image_reader.cc(281)] could not read dos header from C:\WINDOWS\System32\PSAPI.DLL
[0911/140124:ERROR:process_reader_win.cc(233)] ReadMemory at 0x60ef0000 of 64 bytes failed: Only part of a ReadProcessMemory or WriteProcessMemory request was completed. (0x12B)
[0911/140124:WARNING:pe_image_reader.cc(281)] could not read dos header from C:\WINDOWS\WinSxS\x86_microsoft.windows.common-controls_6595b64144ccf1df_6.0.14393.0_none_74bc87d3d22d9abe\COMCTL32.dll
[0911/140124:ERROR:process_reader_win.cc(233)] ReadMemory at 0x776e0000 of 64 bytes failed: Only part of a ReadProcessMemory or WriteProcessMemory request was completed. (0x12B)
[0911/140124:WARNING:pe_image_reader.cc(281)] could not read dos header from C:\WINDOWS\System32\COMDLG32.dll
[0911/140124:ERROR:process_reader_win.cc(233)] ReadMemory at 0x73a10000 of 64 bytes failed: Only part of a ReadProcessMemory or WriteProcessMemory request was completed. (0x12B)
[0911/140124:WARNING:pe_image_reader.cc(281)] could not read dos header from C:\WINDOWS\SYSTEM32\IPHLPAPI.DLL
[0911/140124:ERROR:process_reader_win.cc(233)] ReadMemory at 0x779e0000 of 64 bytes failed: Only part of a ReadProcessMemory or WriteProcessMemory request was completed. (0x12B)
[0911/140124:WARNING:pe_image_reader.cc(281)] could not read dos header from C:\WINDOWS\System32\WS2_32.dll
[0911/140124:ERROR:process_reader_win.cc(233)] ReadMemory at 0x60e10000 of 64 bytes failed: Only part of a ReadProcessMemory or WriteProcessMemory request was completed. (0x12B)
[0911/140124:WARNING:pe_image_reader.cc(281)] could not read dos header from C:\WINDOWS\SYSTEM32\USP10.dll
[0911/140124:ERROR:process_reader_win.cc(233)] ReadMemory at 0x76e00000 of 64 bytes failed: Only part of a ReadProcessMemory or WriteProcessMemory request was completed. (0x12B)
[0911/140124:WARNING:pe_image_reader.cc(281)] could not read dos header from C:\WINDOWS\System32\MSASN1.dll
[0911/140124:ERROR:process_reader_win.cc(233)] ReadMemory at 0x77ab0000 of 64 bytes failed: Only part of a ReadProcessMemory or WriteProcessMemory request was completed. (0x12B)
[0911/140124:WARNING:pe_image_reader.cc(281)] could not read dos header from C:\WINDOWS\System32\CRYPT32.dll
[0911/140124:ERROR:process_reader_win.cc(233)] ReadMemory at 0x75d10000 of 64 bytes failed: Only part of a ReadProcessMemory or WriteProcessMemory request was completed. (0x12B)
[0911/140124:WARNING:pe_image_reader.cc(281)] could not read dos header from C:\WINDOWS\System32\WINTRUST.dll
[0911/140124:ERROR:process_reader_win.cc(233)] ReadMemory at 0x63af0000 of 64 bytes failed: Only part of a ReadProcessMemory or WriteProcessMemory request was completed. (0x12B)
[0911/140124:WARNING:pe_image_reader.cc(281)] could not read dos header from C:\WINDOWS\SYSTEM32\Secur32.dll
[0911/140124:ERROR:process_reader_win.cc(233)] ReadMemory at 0x583b0000 of 64 bytes failed: Only part of a ReadProcessMemory or WriteProcessMemory request was completed. (0x12B)
[0911/140124:WARNING:pe_image_reader.cc(281)] could not read dos header from C:\Program Files (x86)\Google\Chrome\Application\52.0.2743.116\chrome_child.dll
[0911/140124:ERROR:process_reader_win.cc(233)] ReadMemory at 0x6b7c0000 of 64 bytes failed: Only part of a ReadProcessMemory or WriteProcessMemory request was completed. (0x12B)
[0911/140124:WARNING:pe_image_reader.cc(281)] could not read dos header from C:\WINDOWS\SYSTEM32\dwrite.dll
[0911/140124:ERROR:process_reader_win.cc(99)] process 6632 not found
[0911/140124:ERROR:process_reader_win.cc(233)] ReadMemory at 0x8a0000 of 64 bytes failed: Only part of a ReadProcessMemory or WriteProcessMemory request was completed. (0x12B)
[0911/140124:WARNING:pe_image_reader.cc(281)] could not read dos header from C:\Program Files (x86)\Google\Chrome\Application\chrome.exe
[0911/140124:ERROR:process_reader_win.cc(233)] ReadMemory at 0x77dd0000 of 64 bytes failed: Only part of a ReadProcessMemory or WriteProcessMemory request was completed. (0x12B)
[0911/140124:WARNING:pe_image_reader.cc(281)] could not read dos header from C:\WINDOWS\SYSTEM32\ntdll.dll
[0911/140124:ERROR:process_reader_win.cc(233)] ReadMemory at 0x76970000 of 64 bytes failed: Only part of a ReadProcessMemory or WriteProcessMemory request was completed. (0x12B)
[0911/140124:WARNING:pe_image_reader.cc(281)] could not read dos header from C:\WINDOWS\System32\KERNELBASE.dll
[0911/140124:ERROR:process_reader_win.cc(233)] ReadMemory at 0x76470000 of 64 bytes failed: Only part of a ReadProcessMemory or WriteProcessMemory request was completed. (0x12B)
[0911/140124:WARNING:pe_image_reader.cc(281)] could not read dos header from C:\WINDOWS\System32\KERNEL32.DLL
[0911/140124:ERROR:process_reader_win.cc(233)] ReadMemory at 0x72b50000 of 64 bytes failed: Only part of a ReadProcessMemory or WriteProcessMemory request was completed. (0x12B)
[0911/140124:WARNING:pe_image_reader.cc(281)] could not read dos header from C:\WINDOWS\system32\apphelp.dll
[0911/140124:ERROR:process_reader_win.cc(233)] ReadMemory at 0x728e0000 of 64 bytes failed: Only part of a ReadProcessMemory or WriteProcessMemory request was completed. (0x12B)
[0911/140124:WARNING:pe_image_reader.cc(281)] could not read dos header from C:\WINDOWS\AppPatch\AcGenral.dll
[0911/140124:ERROR:process_reader_win.cc(233)] ReadMemory at 0x77d10000 of 64 bytes failed: Only part of a ReadProcessMemory or WriteProcessMemory request was completed. (0x12B)
[0911/140124:WARNING:pe_image_reader.cc(281)] could not read dos header from C:\WINDOWS\System32\msvcrt.dll
[0911/140124:ERROR:process_reader_win.cc(233)] ReadMemory at 0x76f30000 of 64 bytes failed: Only part of a ReadProcessMemory or WriteProcessMemory request was completed. (0x12B)
[0911/140124:WARNING:pe_image_reader.cc(281)] could not read dos header from C:\WINDOWS\System32\bcryptPrimitives.dll
[0911/140124:ERROR:process_reader_win.cc(233)] ReadMemory at 0x74900000 of 64 bytes failed: Only part of a ReadProcessMemory or WriteProcessMemory request was completed. (0x12B)
[0911/140124:WARNING:pe_image_reader.cc(281)] could not read dos header from C:\WINDOWS\System32\CRYPTBASE.dll
[0911/140124:ERROR:process_reader_win.cc(233)] ReadMemory at 0x74910000 of 64 bytes failed: Only part of a ReadProcessMemory or WriteProcessMemory request was completed. (0x12B)
[0911/140124:WARNING:pe_image_reader.cc(281)] could not read dos header from C:\WINDOWS\System32\SspiCli.dll
[0911/140124:ERROR:process_reader_win.cc(233)] ReadMemory at 0x76e10000 of 64 bytes failed: Only part of a ReadProcessMemory or WriteProcessMemory request was completed. (0x12B)
[0911/140124:WARNING:pe_image_reader.cc(281)] could not read dos header from C:\WINDOWS\System32\RPCRT4.dll
[0911/140124:ERROR:process_reader_win.cc(233)] ReadMemory at 0x76ee0000 of 64 bytes failed: Only part of a ReadProcessMemory or WriteProcessMemory request was completed. (0x12B)
[0911/140124:WARNING:pe_image_reader.cc(281)] could not read dos header from C:\WINDOWS\System32\sechost.dll
[0911/140124:ERROR:process_reader_win.cc(233)] ReadMemory at 0x77150000 of 64 bytes failed: Only part of a ReadProcessMemory or WriteProcessMemory request was completed. (0x12B)
[0911/140124:WARNING:pe_image_reader.cc(281)] could not read dos header from C:\WINDOWS\System32\ucrtbase.dll
[0911/140124:ERROR:process_reader_win.cc(233)] ReadMemory at 0x76550000 of 64 bytes failed: Only part of a ReadProcessMemory or WriteProcessMemory request was completed. (0x12B)
[0911/140124:WARNING:pe_image_reader.cc(281)] could not read dos header from C:\WINDOWS\System32\combase.dll
[0911/140124:ERROR:process_reader_win.cc(233)] ReadMemory at 0x75ee0000 of 64 bytes failed: Only part of a ReadProcessMemory or WriteProcessMemory request was completed. (0x12B)
[0911/140124:WARNING:pe_image_reader.cc(281)] could not read dos header from C:\WINDOWS\System32\win32u.dll
[0911/140124:ERROR:process_reader_win.cc(233)] ReadMemory at 0x76f90000 of 64 bytes failed: Only part of a ReadProcessMemory or WriteProcessMemory request was completed. (0x12B)
[0911/140124:WARNING:pe_image_reader.cc(281)] could not read dos header from C:\WINDOWS\System32\USER32.dll
[0911/140124:ERROR:process_reader_win.cc(233)] ReadMemory at 0x77880000 of 64 bytes failed: Only part of a ReadProcessMemory or WriteProcessMemory request was completed. (0x12B)
[0911/140124:WARNING:pe_image_reader.cc(281)] could not read dos header from C:\WINDOWS\System32\gdi32full.dll
[0911/140124:ERROR:process_reader_win.cc(233)] ReadMemory at 0x77230000 of 64 bytes failed: Only part of a ReadProcessMemory or WriteProcessMemory request was completed. (0x12B)
[0911/140124:WARNING:pe_image_reader.cc(281)] could not read dos header from C:\WINDOWS\System32\GDI32.dll
[0911/140124:ERROR:process_reader_win.cc(233)] ReadMemory at 0x75eb0000 of 64 bytes failed: Only part of a ReadProcessMemory or WriteProcessMemory request was completed. (0x12B)
[0911/140124:WARNING:pe_image_reader.cc(281)] could not read dos header from C:\WINDOWS\System32\IMM32.DLL
[0911/140124:ERROR:process_reader_win.cc(233)] ReadMemory at 0x76bc0000 of 64 bytes failed: Only part of a ReadProcessMemory or WriteProcessMemory request was completed. (0x12B)
[0911/140124:WARNING:pe_image_reader.cc(281)] could not read dos header from C:\WINDOWS\System32\SHLWAPI.dll
[0911/140124:ERROR:process_reader_win.cc(233)] ReadMemory at 0x73760000 of 64 bytes failed: Only part of a ReadProcessMemory or WriteProcessMemory request was completed. (0x12B)
[0911/140124:WARNING:pe_image_reader.cc(281)] could not read dos header from C:\WINDOWS\SYSTEM32\UxTheme.dll
[0911/140124:ERROR:process_reader_win.cc(233)] ReadMemory at 0x77a70000 of 64 bytes failed: Only part of a ReadProcessMemory or WriteProcessMemory request was completed. (0x12B)
[0911/140124:WARNING:pe_image_reader.cc(281)] could not read dos header from C:\WINDOWS\System32\cfgmgr32.dll
[0911/140124:ERROR:process_reader_win.cc(233)] ReadMemory at 0x60e30000 of 64 bytes failed: Only part of a ReadProcessMemory or WriteProcessMemory request was completed. (0x12B)
[0911/140124:WARNING:pe_image_reader.cc(281)] could not read dos header from C:\WINDOWS\SYSTEM32\WINMMBASE.dll
[0911/140124:ERROR:process_reader_win.cc(233)] ReadMemory at 0x60ec0000 of 64 bytes failed: Only part of a ReadProcessMemory or WriteProcessMemory request was completed. (0x12B)
[0911/140124:WARNING:pe_image_reader.cc(281)] could not read dos header from C:\WINDOWS\SYSTEM32\WINMM.dll
[0911/140124:ERROR:process_reader_win.cc(233)] ReadMemory at 0x728c0000 of 64 bytes failed: Only part of a ReadProcessMemory or WriteProcessMemory request was completed. (0x12B)
[0911/140124:WARNING:pe_image_reader.cc(281)] could not read dos header from C:\WINDOWS\SYSTEM32\samcli.dll
[0911/140124:ERROR:process_reader_win.cc(233)] ReadMemory at 0x75d60000 of 64 bytes failed: Only part of a ReadProcessMemory or WriteProcessMemory request was completed. (0x12B)
[0911/140124:WARNING:pe_image_reader.cc(281)] could not read dos header from C:\WINDOWS\System32\ole32.dll
[0911/140124:ERROR:process_reader_win.cc(233)] ReadMemory at 0x777d0000 of 64 bytes failed: Only part of a ReadProcessMemory or WriteProcessMemory request was completed. (0x12B)
[0911/140124:WARNING:pe_image_reader.cc(281)] could not read dos header from C:\WINDOWS\System32\OLEAUT32.dll
[0911/140124:ERROR:process_reader_win.cc(233)] ReadMemory at 0x76d80000 of 64 bytes failed: Only part of a ReadProcessMemory or WriteProcessMemory request was completed. (0x12B)
[0911/140124:WARNING:pe_image_reader.cc(281)] could not read dos header from C:\WINDOWS\System32\advapi32.dll
[0911/140124:ERROR:process_reader_win.cc(233)] ReadMemory at 0x728a0000 of 64 bytes failed: Only part of a ReadProcessMemory or WriteProcessMemory request was completed. (0x12B)
[0911/140124:WARNING:pe_image_reader.cc(281)] could not read dos header from C:\WINDOWS\SYSTEM32\MSACM32.dll
[0911/140124:ERROR:process_reader_win.cc(233)] ReadMemory at 0x73600000 of 64 bytes failed: Only part of a ReadProcessMemory or WriteProcessMemory request was completed. (0x12B)
[0911/140124:WARNING:pe_image_reader.cc(281)] could not read dos header from C:\WINDOWS\SYSTEM32\VERSION.dll
[0911/140124:ERROR:process_reader_win.cc(233)] ReadMemory at 0x77cc0000 of 64 bytes failed: Only part of a ReadProcessMemory or WriteProcessMemory request was completed. (0x12B)
[0911/140124:WARNING:pe_image_reader.cc(281)] could not read dos header from C:\WINDOWS\System32\powrprof.dll
[0911/140124:ERROR:process_reader_win.cc(233)] ReadMemory at 0x76d50000 of 64 bytes failed: Only part of a ReadProcessMemory or WriteProcessMemory request was completed. (0x12B)
[0911/140124:WARNING:pe_image_reader.cc(281)] could not read dos header from C:\WINDOWS\System32\kernel.appcore.dll
[0911/140124:ERROR:process_reader_win.cc(233)] ReadMemory at 0x76770000 of 64 bytes failed: Only part of a ReadProcessMemory or WriteProcessMemory request was completed. (0x12B)
[0911/140124:WARNING:pe_image_reader.cc(281)] could not read dos header from C:\WINDOWS\System32\shcore.dll
[0911/140124:ERROR:process_reader_win.cc(233)] ReadMemory at 0x77a60000 of 64 bytes failed: Only part of a ReadProcessMemory or WriteProcessMemory request was completed. (0x12B)
[0911/140124:WARNING:pe_image_reader.cc(281)] could not read dos header from C:\WINDOWS\System32\profapi.dll
[0911/140124:ERROR:process_reader_win.cc(233)] ReadMemory at 0x75f00000 of 64 bytes failed: Only part of a ReadProcessMemory or WriteProcessMemory request was completed. (0x12B)
[0911/140124:WARNING:pe_image_reader.cc(281)] could not read dos header from C:\WINDOWS\System32\windows.storage.dll
[0911/140124:ERROR:process_reader_win.cc(233)] ReadMemory at 0x74930000 of 64 bytes failed: Only part of a ReadProcessMemory or WriteProcessMemory request was completed. (0x12B)
[0911/140124:WARNING:pe_image_reader.cc(281)] could not read dos header from C:\WINDOWS\System32\SHELL32.dll
[0911/140124:ERROR:process_reader_win.cc(233)] ReadMemory at 0x73610000 of 64 bytes failed: Only part of a ReadProcessMemory or WriteProcessMemory request was completed. (0x12B)
[0911/140124:WARNING:pe_image_reader.cc(281)] could not read dos header from C:\WINDOWS\SYSTEM32\USERENV.dll
[0911/140124:ERROR:process_reader_win.cc(233)] ReadMemory at 0x73700000 of 64 bytes failed: Only part of a ReadProcessMemory or WriteProcessMemory request was completed. (0x12B)
[0911/140124:WARNING:pe_image_reader.cc(281)] could not read dos header from C:\WINDOWS\SYSTEM32\dwmapi.dll
[0911/140124:ERROR:process_reader_win.cc(233)] ReadMemory at 0x73a40000 of 64 bytes failed: Only part of a ReadProcessMemory or WriteProcessMemory request was completed. (0x12B)
[0911/140124:WARNING:pe_image_reader.cc(281)] could not read dos header from C:\WINDOWS\SYSTEM32\iertutil.dll
[0911/140124:ERROR:process_reader_win.cc(233)] ReadMemory at 0x73c70000 of 64 bytes failed: Only part of a ReadProcessMemory or WriteProcessMemory request was completed. (0x12B)
[0911/140124:WARNING:pe_image_reader.cc(281)] could not read dos header from C:\WINDOWS\SYSTEM32\urlmon.dll
[0911/140124:ERROR:process_reader_win.cc(233)] ReadMemory at 0x74030000 of 64 bytes failed: Only part of a ReadProcessMemory or WriteProcessMemory request was completed. (0x12B)
[0911/140124:WARNING:pe_image_reader.cc(281)] could not read dos header from C:\WINDOWS\SYSTEM32\bcrypt.dll
[0911/140124:ERROR:process_reader_win.cc(233)] ReadMemory at 0x61100000 of 64 bytes failed: Only part of a ReadProcessMemory or WriteProcessMemory request was completed. (0x12B)
[0911/140124:WARNING:pe_image_reader.cc(281)] could not read dos header from C:\WINDOWS\SYSTEM32\WINSPOOL.DRV
[0911/140124:ERROR:process_reader_win.cc(233)] ReadMemory at 0x72880000 of 64 bytes failed: Only part of a ReadProcessMemory or WriteProcessMemory request was completed. (0x12B)
[0911/140124:WARNING:pe_image_reader.cc(281)] could not read dos header from C:\WINDOWS\SYSTEM32\MPR.dll
[0911/140124:ERROR:process_reader_win.cc(233)] ReadMemory at 0x72850000 of 64 bytes failed: Only part of a ReadProcessMemory or WriteProcessMemory request was completed. (0x12B)
[0911/140124:WARNING:pe_image_reader.cc(281)] could not read dos header from C:\Program Files (x86)\Google\Chrome\Application\52.0.2743.116\chrome_elf.dll
[0911/140124:ERROR:process_reader_win.cc(233)] ReadMemory at 0x64b50000 of 64 bytes failed: Only part of a ReadProcessMemory or WriteProcessMemory request was completed. (0x12B)
[0911/140124:WARNING:pe_image_reader.cc(281)] could not read dos header from C:\WINDOWS\SYSTEM32\WTSAPI32.dll
[0911/140124:ERROR:process_reader_win.cc(233)] ReadMemory at 0x67b00000 of 64 bytes failed: Only part of a ReadProcessMemory or WriteProcessMemory request was completed. (0x12B)
[0911/140124:WARNING:pe_image_reader.cc(281)] could not read dos header from C:\WINDOWS\SYSTEM32\WINHTTP.dll
[0911/140124:ERROR:process_reader_win.cc(233)] ReadMemory at 0x72800000 of 64 bytes failed: Only part of a ReadProcessMemory or WriteProcessMemory request was completed. (0x12B)
[0911/140124:WARNING:pe_image_reader.cc(281)] could not read dos header from C:\WINDOWS\SYSTEM32\ninput.dll
[0911/140124:ERROR:process_reader_win.cc(233)] ReadMemory at 0x77870000 of 64 bytes failed: Only part of a ReadProcessMemory or WriteProcessMemory request was completed. (0x12B)
[0911/140124:WARNING:pe_image_reader.cc(281)] could not read dos header from C:\WINDOWS\System32\PSAPI.DLL
[0911/140124:ERROR:process_reader_win.cc(233)] ReadMemory at 0x60ef0000 of 64 bytes failed: Only part of a ReadProcessMemory or WriteProcessMemory request was completed. (0x12B)
[0911/140124:WARNING:pe_image_reader.cc(281)] could not read dos header from C:\WINDOWS\WinSxS\x86_microsoft.windows.common-controls_6595b64144ccf1df_6.0.14393.0_none_74bc87d3d22d9abe\COMCTL32.dll
[0911/140124:ERROR:process_reader_win.cc(233)] ReadMemory at 0x776e0000 of 64 bytes failed: Only part of a ReadProcessMemory or WriteProcessMemory request was completed. (0x12B)
[0911/140124:WARNING:pe_image_reader.cc(281)] could not read dos header from C:\WINDOWS\System32\COMDLG32.dll
[0911/140124:ERROR:process_reader_win.cc(233)] ReadMemory at 0x73a10000 of 64 bytes failed: Only part of a ReadProcessMemory or WriteProcessMemory request was completed. (0x12B)
[0911/140124:WARNING:pe_image_reader.cc(281)] could not read dos header from C:\WINDOWS\SYSTEM32\IPHLPAPI.DLL
[0911/140124:ERROR:process_reader_win.cc(233)] ReadMemory at 0x779e0000 of 64 bytes failed: Only part of a ReadProcessMemory or WriteProcessMemory request was completed. (0x12B)
[0911/140124:WARNING:pe_image_reader.cc(281)] could not read dos header from C:\WINDOWS\System32\WS2_32.dll
[0911/140124:ERROR:process_reader_win.cc(233)] ReadMemory at 0x60e10000 of 64 bytes failed: Only part of a ReadProcessMemory or WriteProcessMemory request was completed. (0x12B)
[0911/140124:WARNING:pe_image_reader.cc(281)] could not read dos header from C:\WINDOWS\SYSTEM32\USP10.dll
[0911/140124:ERROR:process_reader_win.cc(233)] ReadMemory at 0x76e00000 of 64 bytes failed: Only part of a ReadProcessMemory or WriteProcessMemory request was completed. (0x12B)
[0911/140124:WARNING:pe_image_reader.cc(281)] could not read dos header from C:\WINDOWS\System32\MSASN1.dll
[0911/140124:ERROR:process_reader_win.cc(233)] ReadMemory at 0x77ab0000 of 64 bytes failed: Only part of a ReadProcessMemory or WriteProcessMemory request was completed. (0x12B)
[0911/140124:WARNING:pe_image_reader.cc(281)] could not read dos header from C:\WINDOWS\System32\CRYPT32.dll
[0911/140124:ERROR:process_reader_win.cc(233)] ReadMemory at 0x75d10000 of 64 bytes failed: Only part of a ReadProcessMemory or WriteProcessMemory request was completed. (0x12B)
[0911/140124:WARNING:pe_image_reader.cc(281)] could not read dos header from C:\WINDOWS\System32\WINTRUST.dll
[0911/140124:ERROR:process_reader_win.cc(233)] ReadMemory at 0x63af0000 of 64 bytes failed: Only part of a ReadProcessMemory or WriteProcessMemory request was completed. (0x12B)
[0911/140124:WARNING:pe_image_reader.cc(281)] could not read dos header from C:\WINDOWS\SYSTEM32\Secur32.dll
[0911/140124:ERROR:process_reader_win.cc(233)] ReadMemory at 0x583b0000 of 64 bytes failed: Only part of a ReadProcessMemory or WriteProcessMemory request was completed. (0x12B)
[0911/140124:WARNING:pe_image_reader.cc(281)] could not read dos header from C:\Program Files (x86)\Google\Chrome\Application\52.0.2743.116\chrome_child.dll
[0911/140124:ERROR:process_reader_win.cc(233)] ReadMemory at 0x6b7c0000 of 64 bytes failed: Only part of a ReadProcessMemory or WriteProcessMemory request was completed. (0x12B)
[0911/140124:WARNING:pe_image_reader.cc(281)] could not read dos header from C:\WINDOWS\SYSTEM32\dwrite.dll
[0911/140124:ERROR:process_reader_win.cc(233)] ReadMemory at 0x95fbb4 of 12 bytes failed: Only part of a ReadProcessMemory or WriteProcessMemory request was completed. (0x12B)
[0911/140124:WARNING:process_snapshot_win.cc(104)] ReadMemory ExceptionInformation failed
[0911/140124:WARNING:crash_report_exception_handler.cc(60)] ProcessSnapshotWin::InitializeException failed
[0911/140124:ERROR:scoped_process_suspend.cc(38)] NtResumeProcess, ntstatus=-1073741558
